TN:
SF:HW/api.js
FN:1,(anonymous_0)
FN:2,(anonymous_1)
FN:3,(anonymous_2)
FNF:3
FNH:3
FNDA:3,(anonymous_0)
FNDA:3,(anonymous_1)
FNDA:3,(anonymous_2)
DA:1,1
DA:2,3
DA:3,3
DA:4,3
DA:5,2
DA:7,1
LF:6
LH:6
BRDA:4,0,0,2
BRDA:4,0,1,1
BRF:2
BRH:2
end_of_record
TN:
SF:HW/db.js
FN:1,(anonymous_0)
FNF:1
FNH:0
FNDA:0,(anonymous_0)
DA:1,1
DA:2,0
LF:2
LH:1
BRF:0
BRH:0
end_of_record
TN:
SF:HW/logger.js
FN:1,(anonymous_0)
FNF:1
FNH:1
FNDA:3,(anonymous_0)
DA:1,1
DA:2,3
DA:3,1
DA:4,1
DA:6,2
DA:7,2
LF:6
LH:6
BRDA:2,0,0,1
BRDA:2,0,1,2
BRF:2
BRH:2
end_of_record
TN:
SF:HW/math.js
FN:1,(anonymous_0)
FN:6,(anonymous_1)
FNF:2
FNH:2
FNDA:3,(anonymous_0)
FNDA:6,(anonymous_1)
DA:1,2
DA:2,3
DA:3,2
DA:6,2
DA:7,6
DA:8,5
DA:9,1
DA:10,4
DA:11,3
DA:12,2
DA:13,1
LF:11
LH:11
BRDA:2,0,0,1
BRDA:2,0,1,2
BRDA:7,1,0,1
BRDA:7,1,1,5
BRDA:8,2,0,1
BRDA:8,2,1,4
BRDA:10,3,0,1
BRDA:10,3,1,3
BRDA:11,4,0,1
BRDA:11,4,1,2
BRDA:12,5,0,1
BRDA:12,5,1,1
BRF:12
BRH:12
end_of_record
TN:
SF:HW/orderService.js
FN:3,(anonymous_0)
FNF:1
FNH:1
FNDA:3,(anonymous_0)
DA:3,1
DA:4,3
DA:5,3
DA:6,2
LF:4
LH:4
BRDA:5,0,0,1
BRDA:5,0,1,2
BRF:2
BRH:2
end_of_record
TN:
SF:HW/truncateString.js
FN:1,(anonymous_0)
FNF:1
FNH:1
FNDA:7,(anonymous_0)
DA:1,1
DA:2,7
DA:3,3
DA:5,4
LF:4
LH:4
BRDA:2,0,0,3
BRDA:2,0,1,4
BRF:2
BRH:2
end_of_record
TN:
SF:HW/utils.js
FN:1,(anonymous_0)
FN:8,(anonymous_1)
FNF:2
FNH:2
FNDA:4,(anonymous_0)
FNDA:12,(anonymous_1)
DA:1,2
DA:2,4
DA:3,1
DA:5,3
DA:8,2
DA:9,12
DA:10,6
DA:11,3
LF:8
LH:8
BRDA:2,0,0,1
BRDA:2,0,1,3
BRDA:2,1,0,4
BRDA:2,1,1,3
BRDA:5,2,0,2
BRDA:5,2,1,1
BRDA:9,3,0,6
BRDA:9,3,1,6
BRDA:10,4,0,3
BRDA:10,4,1,3
BRF:10
BRH:10
end_of_record
